Using pre-set license
Built from '2020.3/staging' branch; Version is '2020.3.22f1 (e1a7f79fd887) revision 14788599'; Using compiler version '192528614'; Build Type 'Release'
OS: 'Windows 10 Pro; OS build 19042.1706; Version 2009; 64bit' Language: 'es' Physical Memory: 16305 MB
BatchMode: 1, IsHumanControllingUs: 0, StartBugReporterOnCrash: 0, Is64bit: 1, IsPro: 0

COMMAND LINE ARGUMENTS:
C:\Program Files\Unity\Hub\Editor\2020.3.22f1\Editor\Unity.exe
-adb2
-batchMode
-noUpm
-name
AssetImportWorker0
-projectPath
C:/Users/frang/Documents/GitHub/TFG_VR_SportGame/VR_SportWorld
-logFile
Logs/AssetImportWorker0.log
-srvPort
52288
Successfully changed project path to: C:/Users/frang/Documents/GitHub/TFG_VR_SportGame/VR_SportWorld
C:/Users/frang/Documents/GitHub/TFG_VR_SportGame/VR_SportWorld
Using Asset Import Pipeline V2.
Refreshing native plugins compatible for Editor in 121.29 ms, found 13 plugins.
Preloading 2 native plugins for Editor in 3.69 ms.
Initialize engine version: 2020.3.22f1 (e1a7f79fd887)
[Subsystems] Discovering subsystems at path C:/Program Files/Unity/Hub/Editor/2020.3.22f1/Editor/Data/Resources/UnitySubsystems
[Subsystems] Discovering subsystems at path C:/Users/frang/Documents/GitHub/TFG_VR_SportGame/VR_SportWorld/Assets
GfxDevice: creating device client; threaded=0
Direct3D:
    Version:  Direct3D 11.0 [level 11.1]
    Renderer: NVIDIA GeForce GTX 1060 6GB (ID=0x1c03)
    Vendor:   
    VRAM:     6052 MB
    Driver:   30.0.15.1296
Shader 'Oculus/OVRMRCameraFrameLit': fallback shader 'Alpha-Diffuse' not found
Initialize mono
Mono path[0] = 'C:/Program Files/Unity/Hub/Editor/2020.3.22f1/Editor/Data/Managed'
Mono path[1] = 'C:/Program Files/Unity/Hub/Editor/2020.3.22f1/Editor/Data/MonoBleedingEdge/lib/mono/unityjit'
Mono config path = 'C:/Program Files/Unity/Hub/Editor/2020.3.22f1/Editor/Data/MonoBleedingEdge/etc'
Using monoOptions --debugger-agent=transport=dt_socket,embedding=1,server=y,suspend=n,address=127.0.0.1:56284
Begin MonoManager ReloadAssembly
Registering precompiled unity dll's ...
Register platform support module: C:/Program Files/Unity/Hub/Editor/2020.3.22f1/Editor/Data/PlaybackEngines/WindowsStandaloneSupport/UnityEditor.WindowsStandalone.Extensions.dll
Registered in 0.001569 seconds.
Native extension for WindowsStandalone target not found
Refreshing native plugins compatible for Editor in 75.63 ms, found 13 plugins.
Preloading 2 native plugins for Editor in 0.13 ms.
Mono: successfully reloaded assembly
- Completed reload, in  3.070 seconds
Domain Reload Profiling:
	ReloadAssembly (3071ms)
		BeginReloadAssembly (45ms)
			ExecutionOrderSort (0ms)
			DisableScriptedObjects (0ms)
			BackupInstance (0ms)
			ReleaseScriptingObjects (0ms)
			CreateAndSetChildDomain (1ms)
		EndReloadAssembly (415ms)
			LoadAssemblies (43ms)
			RebuildTransferFunctionScriptingTraits (0ms)
			SetupTypeCache (123ms)
			ReleaseScriptCaches (0ms)
			RebuildScriptCaches (24ms)
			SetupLoadedEditorAssemblies (179ms)
				LogAssemblyErrors (0ms)
				InitializePlatformSupportModulesInManaged (3ms)
				SetLoadedEditorAssemblies (0ms)
				RefreshPlugins (76ms)
				BeforeProcessingInitializeOnLoad (12ms)
				ProcessInitializeOnLoadAttributes (64ms)
				ProcessInitializeOnLoadMethodAttributes (23ms)
				AfterProcessingInitializeOnLoad (0ms)
				EditorAssembliesLoaded (0ms)
			ExecutionOrderSort2 (0ms)
			AwakeInstancesAfterBackupRestoration (0ms)
Platform modules already initialized, skipping
Registering precompiled user dll's ...
Registered in 0.020658 seconds.
Begin MonoManager ReloadAssembly
Native extension for WindowsStandalone target not found
Refreshing native plugins compatible for Editor in 79.75 ms, found 13 plugins.
Preloading 2 native plugins for Editor in 0.10 ms.
[XR] OculusXRPlugin: registering subsystems
[XR] Unable to register display lifecyle provider: [1]
[XR] Oculus Input lifecycle provider registered.
[XR] Unable to register input lifecyle provider: [1]
[XR] OVRP version 1.74.0
Mono: successfully reloaded assembly
- Completed reload, in  1.126 seconds
Domain Reload Profiling:
	ReloadAssembly (1127ms)
		BeginReloadAssembly (116ms)
			ExecutionOrderSort (0ms)
			DisableScriptedObjects (4ms)
			BackupInstance (0ms)
			ReleaseScriptingObjects (0ms)
			CreateAndSetChildDomain (15ms)
		EndReloadAssembly (958ms)
			LoadAssemblies (85ms)
			RebuildTransferFunctionScriptingTraits (0ms)
			SetupTypeCache (301ms)
			ReleaseScriptCaches (1ms)
			RebuildScriptCaches (63ms)
			SetupLoadedEditorAssemblies (393ms)
				LogAssemblyErrors (0ms)
				InitializePlatformSupportModulesInManaged (3ms)
				SetLoadedEditorAssemblies (0ms)
				RefreshPlugins (80ms)
				BeforeProcessingInitializeOnLoad (81ms)
				ProcessInitializeOnLoadAttributes (206ms)
				ProcessInitializeOnLoadMethodAttributes (16ms)
				AfterProcessingInitializeOnLoad (6ms)
				EditorAssembliesLoaded (0ms)
			ExecutionOrderSort2 (0ms)
			AwakeInstancesAfterBackupRestoration (5ms)
Platform modules already initialized, skipping
========================================================================
Worker process is ready to serve import requests
Shader 'Oculus/OVRMRCameraFrameLit': fallback shader 'Alpha-Diffuse' not found
Launched and connected shader compiler UnityShaderCompiler.exe after 0.05 seconds
Refreshing native plugins compatible for Editor in 1.02 ms, found 13 plugins.
Preloading 2 native plugins for Editor in 0.11 ms.
Unloading 3682 Unused Serialized files (Serialized files now loaded: 0)
System memory in use before: 171.7 MB.
System memory in use after: 171.9 MB.

Unloading 52 unused Assets to reduce memory usage. Loaded Objects now: 4123.
Total: 4.635200 ms (FindLiveObjects: 0.471500 ms CreateObjectMapping: 0.273900 ms MarkObjects: 3.781300 ms  DeleteObjects: 0.107200 ms)

AssetImportParameters requested are different than current active one (requested -> active):
  custom:framework-win-MediaFoundation: 216162199b28c13a410421893ffa2e32 -> 
  custom:video-decoder-ogg-theora: a1e56fd34408186e4bbccfd4996cb3dc -> 
  custom:container-muxer-webm: aa71ff27fc2769a1b78a27578f13a17b -> 
  custom:container-demuxer-webm: 4f35f7cbe854078d1ac9338744f61a02 -> 
  custom:container-demuxer-ogg: 62fdf1f143b41e24485cea50d1cbac27 -> 
  custom:video-encoder-webm-vp8: eb34c28f22e8b96e1ab97ce403110664 -> 
  custom:video-decoder-webm-vp8: 9c59270c3fd7afecdb556c50c9e8de78 -> 
  custom:audio-decoder-ogg-vorbis: bf7c407c2cedff20999df2af8eb42d56 -> 
  custom:audio-encoder-webm-vorbis: bf7c407c2cedff20999df2af8eb42d56 -> 
========================================================================
Received Import Request.
  path: Assets/MINE/Scenes/TennisMinigame.unity
  artifactKey: Guid(5ef58ce96dc8fe647aad3c35d04de4bc) Importer(815301076,1909f56bfc062723c751e8b465ee728b)
Start importing Assets/MINE/Scenes/TennisMinigame.unity using Guid(5ef58ce96dc8fe647aad3c35d04de4bc) Importer(815301076,1909f56bfc062723c751e8b465ee728b)  -> (artifact id: '14edb6dbd2f0cb56d43b1668a89a7a7f') in 0.016624 seconds 
  Import took 0.022361 seconds .

========================================================================
Received Import Request.
  Time since last request: 81.367942 seconds.
  path: Assets/MobileDepthWater/Textures/Water.psd
  artifactKey: Guid(92b12dd963505404f9025476f49cb3c9) Importer(815301076,1909f56bfc062723c751e8b465ee728b)
Start importing Assets/MobileDepthWater/Textures/Water.psd using Guid(92b12dd963505404f9025476f49cb3c9) Importer(815301076,1909f56bfc062723c751e8b465ee728b)  -> (artifact id: '50b18cc67897c173fbb13327a1cf33c1') in 0.053739 seconds 
  Import took 0.060785 seconds .

========================================================================
Received Import Request.
  Time since last request: 0.000237 seconds.
  path: Assets/MobileDepthWater/Textures/WaterDistortion.psd
  artifactKey: Guid(f6acd684980920849a180e1c541fb199) Importer(815301076,1909f56bfc062723c751e8b465ee728b)
Start importing Assets/MobileDepthWater/Textures/WaterDistortion.psd using Guid(f6acd684980920849a180e1c541fb199) Importer(815301076,1909f56bfc062723c751e8b465ee728b)  -> (artifact id: 'c6e5f4d9f2e8a2376806d3b1dedea097') in 0.063555 seconds 
  Import took 0.070668 seconds .

========================================================================
Received Import Request.
  Time since last request: 3666.477330 seconds.
  path: Assets/MINE/Scripts/HandPresence_Bhv.cs
  artifactKey: Guid(7cd961baa23100549a71819f1b0e02a5) Importer(815301076,1909f56bfc062723c751e8b465ee728b)
Start importing Assets/MINE/Scripts/HandPresence_Bhv.cs using Guid(7cd961baa23100549a71819f1b0e02a5) Importer(815301076,1909f56bfc062723c751e8b465ee728b)  -> (artifact id: '5945667984f84c469620123277bf94f0') in 0.011721 seconds 
  Import took 0.072561 seconds .

========================================================================
Received Import Request.
  Time since last request: 2.266184 seconds.
  path: Assets/MINE/Scripts/Serialize/SportPlayer.cs
  artifactKey: Guid(09e310f12e5b1f842ad6acf1ba462989) Importer(815301076,1909f56bfc062723c751e8b465ee728b)
Start importing Assets/MINE/Scripts/Serialize/SportPlayer.cs using Guid(09e310f12e5b1f842ad6acf1ba462989) Importer(815301076,1909f56bfc062723c751e8b465ee728b)  -> (artifact id: 'fc94dbd1076ce0b7d2199388383ddcc1') in 0.005764 seconds 
  Import took 0.010304 seconds .

========================================================================
Received Prepare
Registering precompiled user dll's ...
Registered in 0.010388 seconds.
Begin MonoManager ReloadAssembly
Native extension for WindowsStandalone target not found
Refreshing native plugins compatible for Editor in 1.28 ms, found 13 plugins.
Preloading 2 native plugins for Editor in 0.14 ms.
Mono: successfully reloaded assembly
- Completed reload, in  1.161 seconds
Domain Reload Profiling:
	ReloadAssembly (1163ms)
		BeginReloadAssembly (253ms)
			ExecutionOrderSort (0ms)
			DisableScriptedObjects (9ms)
			BackupInstance (0ms)
			ReleaseScriptingObjects (0ms)
			CreateAndSetChildDomain (78ms)
		EndReloadAssembly (855ms)
			LoadAssemblies (95ms)
			RebuildTransferFunctionScriptingTraits (0ms)
			SetupTypeCache (325ms)
			ReleaseScriptCaches (1ms)
			RebuildScriptCaches (37ms)
			SetupLoadedEditorAssemblies (296ms)
				LogAssemblyErrors (0ms)
				InitializePlatformSupportModulesInManaged (4ms)
				SetLoadedEditorAssemblies (0ms)
				RefreshPlugins (1ms)
				BeforeProcessingInitializeOnLoad (75ms)
				ProcessInitializeOnLoadAttributes (202ms)
				ProcessInitializeOnLoadMethodAttributes (9ms)
				AfterProcessingInitializeOnLoad (5ms)
				EditorAssembliesLoaded (0ms)
			ExecutionOrderSort2 (0ms)
			AwakeInstancesAfterBackupRestoration (6ms)
Platform modules already initialized, skipping
Switching build target platform(19) subTarget(0) extendedPlatform(0) -> platform(13) subTarget(524416) extendedPlatform(0)
Shader 'Oculus/OVRMRCameraFrameLit': fallback shader 'Alpha-Diffuse' not found
Refreshing native plugins compatible for Editor in 1.11 ms, found 13 plugins.
Preloading 2 native plugins for Editor in 0.11 ms.
Unloading 3562 Unused Serialized files (Serialized files now loaded: 0)
System memory in use before: 161.7 MB.
System memory in use after: 161.9 MB.

Unloading 45 unused Assets to reduce memory usage. Loaded Objects now: 4128.
Total: 4.349900 ms (FindLiveObjects: 0.589700 ms CreateObjectMapping: 0.346000 ms MarkObjects: 3.366900 ms  DeleteObjects: 0.046300 ms)

AssetImportParameters requested are different than current active one (requested -> active):
  custom:framework-win-MediaFoundation: 216162199b28c13a410421893ffa2e32 -> 
  custom:video-decoder-ogg-theora: a1e56fd34408186e4bbccfd4996cb3dc -> 
  custom:container-muxer-webm: aa71ff27fc2769a1b78a27578f13a17b -> 
  custom:container-demuxer-webm: 4f35f7cbe854078d1ac9338744f61a02 -> 
  custom:container-demuxer-ogg: 62fdf1f143b41e24485cea50d1cbac27 -> 
  custom:video-encoder-webm-vp8: eb34c28f22e8b96e1ab97ce403110664 -> 
  custom:video-decoder-webm-vp8: 9c59270c3fd7afecdb556c50c9e8de78 -> 
  custom:graphics/normal-map-encoding: 01000000000000000000000000000000 -> 02000000000000000000000000000000
  custom:audio-decoder-ogg-vorbis: bf7c407c2cedff20999df2af8eb42d56 -> 
  custom:audio-encoder-webm-vorbis: bf7c407c2cedff20999df2af8eb42d56 -> 
========================================================================
Received Import Request.
  Time since last request: 3463.697637 seconds.
  path: Assets/MINE/Scenes/TennisMinigame.unity
  artifactKey: Guid(5ef58ce96dc8fe647aad3c35d04de4bc) Importer(815301076,1909f56bfc062723c751e8b465ee728b)
Start importing Assets/MINE/Scenes/TennisMinigame.unity using Guid(5ef58ce96dc8fe647aad3c35d04de4bc) Importer(815301076,1909f56bfc062723c751e8b465ee728b)  -> (artifact id: '4bc90e817f6331b5156f062709d798a1') in 0.022555 seconds 
  Import took 0.028270 seconds .

AssetImportWorkerClient::OnTransportError - code=2 error=End of file
